CRITICAL - 2022-01-29 04:30:36 --> The framework needs the following extension(s) installed and loaded: curl, intl, mbstring, xml.
#0 /var/www/html/myapp/system/CodeIgniter.php(219): CodeIgniter\Exceptions\FrameworkException::forMissingExtension()
#1 /var/www/html/myapp/system/CodeIgniter.php(177): CodeIgniter\CodeIgniter->resolvePlatformExtensions()
#2 /var/www/html/myapp/system/bootstrap.php(146): CodeIgniter\CodeIgniter->initialize()
#3 /var/www/html/myapp/spark(45): require('/var/www/html/m...')
#4 {main}
CRITICAL - 2022-01-29 04:30:36 --> Uncaught Error: Call to undefined function CodeIgniter\CLI\mb_strpos() in /var/www/html/myapp/system/CLI/CLI.php:758
Stack trace:
#0 /var/www/html/myapp/system/CLI/CLI.php(161): CodeIgniter\CLI\CLI::parseCommandLine()
#1 /var/www/html/myapp/system/CLI/CLI.php(1000): CodeIgniter\CLI\CLI::init()
#2 /var/www/html/myapp/system/Autoloader/Autoloader.php(264): include_once('/var/www/html/m...')
#3 /var/www/html/myapp/system/Autoloader/Autoloader.php(241): CodeIgniter\Autoloader\Autoloader->includeFile()
#4 /var/www/html/myapp/system/Autoloader/Autoloader.php(219): CodeIgniter\Autoloader\Autoloader->loadInNamespace()
#5 [internal function]: CodeIgniter\Autoloader\Autoloader->loadClass()
#6 /var/www/html/myapp/app/Views/errors/cli/error_exception.php(6): spl_autoload_call()
#7 /var/www/html/myapp/app/Views/errors/cli/production.php(5): include('/var/www/html/m...')
#8 /var/www/html/myapp/system/Debug/Exceptions.php(234): include('/var/www/html/m...')
#9 /var/www/html/myapp/system/Debug/Exceptions.php(237): CodeIgnite
#0 [internal function]: CodeIgniter\Debug\Exceptions->shutdownHandler()
#1 {main}
